% mean class accuracy (train set)	
 4.7500e+00	
 4.5000e+00	
 3.6750e+01	
 4.9500e+01	
 4.8750e+01	
 4.9250e+01	
 4.8750e+01	
 4.9250e+01	
 4.9000e+01	
 4.9250e+01	
 4.8750e+01	
 4.9000e+01	
 4.9250e+01	
 4.9250e+01	
 4.9000e+01	
 4.9500e+01	
 4.9500e+01	
 4.9500e+01	
 4.9250e+01	
 4.9000e+01	
 4.8750e+01	
 4.8750e+01	
 4.9500e+01	
 4.9000e+01	
 4.9250e+01	
 4.8500e+01	
 4.9750e+01	
 4.9000e+01	
 4.9000e+01	
 4.9000e+01	
 4.9750e+01	
 4.9250e+01	
 4.9250e+01	
 4.9000e+01	
 4.8750e+01	
 4.8500e+01	
 4.9250e+01	
 4.9500e+01	
 4.9250e+01	
 4.9250e+01	
 4.9000e+01	
 4.8750e+01	
 4.8750e+01	
 4.8750e+01	
 4.8750e+01	
 4.9250e+01	
 4.9250e+01	
 4.9000e+01	
 4.9500e+01	
 4.9500e+01	
 4.8750e+01	
 4.9250e+01	
 4.8750e+01	
 4.8500e+01	
 4.9500e+01	
 4.9000e+01	
 4.9000e+01	
 4.9750e+01	
 4.9250e+01	
 4.9250e+01	
 5.0000e+01	
 4.9250e+01	
 4.9250e+01	
 4.9500e+01	
 4.9250e+01	
 4.9500e+01	
 4.9000e+01	
 4.8750e+01	
 4.9250e+01	
 4.8750e+01	
 4.9000e+01	
 4.9000e+01	
 4.9500e+01	
 4.8750e+01	
 4.9000e+01	
 4.9500e+01	
 4.9250e+01	
 4.9000e+01	
 4.9250e+01	
 4.9000e+01	
 4.8750e+01	
 4.9500e+01	
 4.8500e+01	
 4.9000e+01	
 4.9250e+01	
 4.8750e+01	
 4.9000e+01	
 4.9000e+01	
 4.9000e+01	
 4.9250e+01	
 4.9250e+01	
 4.9000e+01	
 4.8500e+01	
 4.8750e+01	
 4.9500e+01	
 4.9750e+01	
 4.9500e+01	
 4.8750e+01	
 4.9250e+01	
 4.9500e+01	
 4.9500e+01	
 4.9250e+01	
 4.9250e+01	
 4.9500e+01	
 4.9500e+01	
 4.9750e+01	
 4.9250e+01	
 4.9250e+01	
 4.9000e+01	
 4.9250e+01	
 4.9000e+01	
 4.9000e+01	
 4.8250e+01	
 4.9500e+01	
 4.9000e+01	
 4.9750e+01	
 4.8500e+01	
 4.9250e+01	
 4.8750e+01	
 4.9250e+01	
 4.9000e+01	
 4.9500e+01	
 4.9000e+01	
 4.8500e+01	
 4.9000e+01	
 4.9000e+01	
 4.9250e+01	
 4.8750e+01	
 4.8750e+01	
 4.8750e+01	
 4.9500e+01	
 4.8750e+01	
 4.9250e+01	
 4.9500e+01	
 4.9500e+01	
 4.9500e+01	
 4.9750e+01	
 4.9500e+01	
 5.0000e+01	
 5.0000e+01	
 4.9750e+01	
 4.9250e+01	
 5.0000e+01	
 5.0000e+01	
 4.9500e+01	
 5.0250e+01	
 5.0500e+01	
 4.9750e+01	
 5.0250e+01	
 5.0000e+01	
 5.0000e+01	
 5.0750e+01	
 5.0250e+01	
 5.1000e+01	
 5.0500e+01	
 5.0250e+01	
 5.1000e+01	
 5.0500e+01	
 5.0500e+01	
 5.1000e+01	
 5.0750e+01	
 5.2000e+01	
 5.1250e+01	
 5.1000e+01	
 5.2250e+01	
 5.1500e+01	
 5.2000e+01	
 5.3250e+01	
 5.2750e+01	
 5.3500e+01	
 5.3750e+01	
 5.4000e+01	
 5.3750e+01	
 5.4250e+01	
 5.4750e+01	
 5.4250e+01	
 5.3750e+01	
 5.5500e+01	
 5.5250e+01	
 5.5000e+01	
 5.5750e+01	
 5.6250e+01	
 5.5500e+01	
 5.6000e+01	
 5.6750e+01	
 5.7500e+01	
 5.8250e+01	
 5.7750e+01	
 5.8000e+01	
 5.8500e+01	
 5.9750e+01	
 5.8500e+01	
 5.9750e+01	
 5.9750e+01	
 5.9750e+01	
 5.9750e+01	
 6.0250e+01	
 6.0000e+01	
 6.1000e+01	
 6.1250e+01	
 6.0000e+01	
 6.0250e+01	
 6.1250e+01	
 6.1750e+01	
 6.0500e+01	
 6.1250e+01	
 6.2000e+01	
 6.3000e+01	
 6.2500e+01	
 6.1500e+01	
 6.4000e+01	
 6.3000e+01	
 6.4000e+01	
 6.3750e+01	
 6.4250e+01	
 6.4250e+01	
 6.4500e+01	
 6.3500e+01	
 6.5000e+01	
 6.5000e+01	
 6.5500e+01	
 6.5750e+01	
 6.5250e+01	
 6.6000e+01	
 6.6000e+01	
 6.6500e+01	
 6.6500e+01	
 6.5750e+01	
 6.6500e+01	
 6.6500e+01	
 6.7000e+01	
 6.7000e+01	
 6.6750e+01	
 6.9000e+01	
 6.8000e+01	
 6.8000e+01	
 6.8000e+01	
 6.9750e+01	
 7.0750e+01	
 6.9250e+01	
 7.0250e+01	
 7.0000e+01	
 6.9500e+01	
 7.0500e+01	
 7.1000e+01	
 7.1750e+01	
 7.0250e+01	
 7.2000e+01	
 7.1250e+01	
 7.2000e+01	
 7.1750e+01	
 7.2000e+01	
 7.1750e+01	
 7.1750e+01	
 7.2500e+01	
 7.2250e+01	
 7.2000e+01	
 7.2000e+01	
 7.2000e+01	
 7.2000e+01	
 7.2750e+01	
 7.2250e+01	
 7.2250e+01	
 7.2250e+01	
 7.2250e+01	
 7.2750e+01	
 7.2500e+01	
 7.3000e+01	
 7.3000e+01	
 7.2500e+01	
 7.3250e+01	
 7.2250e+01	
 7.3000e+01	
 7.3750e+01	
 7.3250e+01	
 7.3500e+01	
 7.2500e+01	
 7.3500e+01	
 7.3250e+01	
 7.3000e+01	
 7.3750e+01	
 7.3500e+01	
 7.3250e+01	
 7.3500e+01	
 7.3750e+01	
 7.4000e+01	
 7.4000e+01	
 7.3750e+01	
 7.3750e+01	
 7.3250e+01	
 7.3750e+01	
 7.4000e+01	
 7.4250e+01	
 7.4500e+01	
 7.4500e+01	
 7.4000e+01	
 7.4250e+01	
 7.4000e+01	
 7.3750e+01	
 7.4250e+01	
 7.4750e+01	
 7.4250e+01	
 7.4250e+01	
 7.4750e+01	
 7.4250e+01	
 7.3500e+01	
 7.4250e+01	
 7.4750e+01	
 7.3750e+01	
 7.4750e+01	
 7.4750e+01	
 7.5250e+01	
 7.5500e+01	
 7.5250e+01	
 7.5250e+01	
 7.5000e+01	
 7.5000e+01	
 7.5750e+01	
 7.5500e+01	
 7.5000e+01	
 7.4500e+01	
 7.5000e+01	
 7.5500e+01	
 7.5000e+01	
 7.5250e+01	
 7.5750e+01	
 7.5750e+01	
 7.5500e+01	
 7.5500e+01	
 7.5250e+01	
 7.5500e+01	
 7.5500e+01	
 7.6500e+01	
 7.5500e+01	
 7.6000e+01	
 7.5000e+01	
 7.6000e+01	
 7.5500e+01	
 7.5000e+01	
 7.5750e+01	
 7.6500e+01	
 7.6000e+01	
 7.5250e+01	
 7.5500e+01	
 7.5750e+01	
 7.5750e+01	
 7.6000e+01	
 7.5750e+01	
 7.5750e+01	
 7.6500e+01	
 7.6250e+01	
 7.5750e+01	
 7.6000e+01	
 7.6250e+01	
 7.6500e+01	
 7.5750e+01	
 7.6250e+01	
 7.7250e+01	
 7.6250e+01	
 7.6750e+01	
 7.6000e+01	
 7.7000e+01	
 7.6250e+01	
 7.6500e+01	
 7.6000e+01	
 7.6000e+01	
 7.6500e+01	
 7.6250e+01	
 7.6500e+01	
 7.6500e+01	
 7.6500e+01	
 7.6500e+01	
 7.7500e+01	
 7.7000e+01	
 7.6000e+01	
 7.6250e+01	
 7.6000e+01	
 7.6500e+01	
 7.6500e+01	
 7.7000e+01	
 7.6500e+01	
 7.7000e+01	
 7.6750e+01	
 7.7000e+01	
 7.7250e+01	
 7.6750e+01	
 7.6500e+01	
 7.7000e+01	
 7.7250e+01	
 7.7250e+01	
 7.7250e+01	
 7.7750e+01	
 7.6250e+01	
 7.7250e+01	
 7.7000e+01	
 7.7500e+01	
 7.7000e+01	
 7.8000e+01	
 7.7500e+01	
 7.8000e+01	
 7.8250e+01	
 7.7500e+01	
 7.8250e+01	
 7.8250e+01	
 7.8000e+01	
 7.7500e+01	
 7.8500e+01	
 7.8000e+01	
 7.7750e+01	
 7.8250e+01	
 7.9000e+01	
 7.9250e+01	
 7.9250e+01	
 7.8250e+01	
 7.9500e+01	
 7.9500e+01	
 7.9250e+01	
 7.9750e+01	
 7.9250e+01	
 7.9000e+01	
 8.0500e+01	
 7.9750e+01	
 7.9250e+01	
 8.0250e+01	
 8.0000e+01	
 8.1000e+01	
 8.0250e+01	
 8.1000e+01	
 8.0250e+01	
 8.0000e+01	
 8.0500e+01	
 8.0750e+01	
 8.0500e+01	
 8.0000e+01	
 8.0000e+01	
 8.0250e+01	
 8.0750e+01	
 8.1250e+01	
 8.1000e+01	
 8.1500e+01	
 8.0750e+01	
 8.0750e+01	
 8.1000e+01	
 8.1000e+01	
 8.1250e+01	
 8.1000e+01	
 8.1250e+01	
 8.1500e+01	
 8.1500e+01	
 8.1750e+01	
 8.1250e+01	
 8.1750e+01	
 8.1750e+01	
 8.1750e+01	
 8.1750e+01	
 8.1000e+01	
 8.1250e+01	
 8.1500e+01	
 8.2500e+01	
 8.1500e+01	
 8.2000e+01	
 8.1250e+01	
 8.1250e+01	
 8.1250e+01	
 8.1250e+01	
 8.1500e+01	
 8.2000e+01	
 8.2500e+01	
 8.1750e+01	
 8.1500e+01	
 8.2000e+01	
 8.1750e+01	
 8.1750e+01	
 8.2000e+01	
 8.1500e+01	
 8.2250e+01	
 8.2750e+01	
 8.2250e+01	
 8.2250e+01	
 8.2000e+01	
 8.2750e+01	
 8.1500e+01	
 8.2000e+01	
 8.3500e+01	
 8.2250e+01	
 8.2250e+01	
 8.2250e+01	
 8.2250e+01	
 8.2250e+01	
 8.2500e+01	
 8.2000e+01	
 8.3250e+01	
 8.2250e+01	
 8.3000e+01	
 8.3500e+01	
 8.3500e+01	
 8.2250e+01	
 8.3500e+01	
 8.2750e+01	
 8.3500e+01	
 8.2500e+01	
 8.3750e+01	
 8.2750e+01	
 8.3000e+01	
 8.3500e+01	
 8.3750e+01	
 8.3750e+01	
 8.3250e+01	
 8.3500e+01	
 8.3500e+01	
 8.3500e+01	
 8.3000e+01	
 8.3250e+01	
 8.3750e+01	
 8.4250e+01	
 8.4250e+01	
 8.3750e+01	
 8.3500e+01	
 8.4000e+01	
 8.4000e+01	
 8.4000e+01	
 8.4250e+01	
 8.4500e+01	
 8.4250e+01	
 8.4250e+01	
 8.4000e+01	
 8.4000e+01	
 8.4750e+01	
 8.4500e+01	
 8.4000e+01	
 8.4000e+01	
 8.4750e+01	
 8.4250e+01	
 8.3750e+01	
 8.4750e+01	
 8.4750e+01	
 8.4750e+01	
 8.4250e+01	
 8.4750e+01	
 8.4500e+01	
 8.5250e+01	
 8.5250e+01	
 8.5000e+01	
 8.4750e+01	
 8.4750e+01	
 8.5000e+01	
 8.4250e+01	
 8.4750e+01	
 8.5250e+01	
 8.5000e+01	
 8.4500e+01	
 8.4750e+01	
 8.5250e+01	
 8.5250e+01	
 8.5250e+01	
 8.4500e+01	
 8.5750e+01	
 8.5250e+01	
 8.5000e+01	
 8.4500e+01	
 8.4750e+01	
 8.4750e+01	
 8.5000e+01	
 8.4750e+01	
 8.4750e+01	
 8.4750e+01	
 8.5250e+01	
 8.5000e+01	
 8.5250e+01	
 8.4750e+01	
 8.5250e+01	
 8.5000e+01	
 8.4750e+01	
 8.5500e+01	
 8.5000e+01	
 8.5000e+01	
 8.5250e+01	
 8.5250e+01	
 8.5500e+01	
 8.5250e+01	
 8.5250e+01	
 8.5000e+01	
 8.5250e+01	
 8.5000e+01	
 8.5500e+01	
 8.4750e+01	
 8.5250e+01	
 8.5250e+01	
 8.4750e+01	
 8.5000e+01	
 8.5750e+01	
 8.5000e+01	
 8.5000e+01	
 8.4750e+01	
 8.5500e+01	
 8.5500e+01	
 8.5000e+01	
 8.5000e+01	
 8.5250e+01	
 8.5750e+01	
 8.5250e+01	
 8.5250e+01	
 8.5000e+01	
 8.5500e+01	
 8.5250e+01	
 8.5250e+01	
 8.5250e+01	
 8.5000e+01	
 8.5000e+01	
 8.5250e+01	
 8.5250e+01	
 8.5250e+01	
 8.5500e+01	
 8.5500e+01	
 8.5000e+01	
 8.5750e+01	
 8.5750e+01	
 8.5750e+01	
 8.6250e+01	
 8.5500e+01	
 8.5750e+01	
 8.6250e+01	
 8.5250e+01	
 8.6000e+01	
 8.6000e+01	
 8.5500e+01	
 8.5750e+01	
 8.5500e+01	
 8.6500e+01	
 8.6250e+01	
 8.6250e+01	
 8.6250e+01	
 8.6750e+01	
 8.6250e+01	
 8.6250e+01	
 8.5750e+01	
 8.6000e+01	
 8.5750e+01	
 8.6750e+01	
 8.6250e+01	
 8.6250e+01	
 8.6000e+01	
 8.6750e+01	
 8.6750e+01	
 8.6500e+01	
 8.6750e+01	
 8.7000e+01	
 8.6500e+01	
 8.6250e+01	
 8.6250e+01	
 8.6750e+01	
 8.6750e+01	
 8.7000e+01	
 8.6500e+01	
 8.7000e+01	
 8.6750e+01	
 8.6750e+01	
 8.6750e+01	
 8.6250e+01	
 8.6500e+01	
 8.6500e+01	
 8.6750e+01	
 8.7500e+01	
 8.6500e+01	
 8.7250e+01	
 8.7250e+01	
 8.7250e+01	
 8.6500e+01	
 8.7000e+01	
 8.7000e+01	
 8.7250e+01	
 8.6750e+01	
 8.6500e+01	
 8.7500e+01	
 8.7000e+01	
 8.6750e+01	
 8.7250e+01	
 8.6750e+01	
 8.7000e+01	
 8.7000e+01	
 8.7000e+01	
 8.6750e+01	
 8.7750e+01	
 8.6500e+01	
 8.7000e+01	
 8.7750e+01	
 8.7750e+01	
 8.7250e+01	
 8.7500e+01	
 8.7750e+01	
 8.7750e+01	
 8.6750e+01	
 8.7250e+01	
 8.6750e+01	
 8.7500e+01	
 8.7250e+01	
 8.8000e+01	
 8.7500e+01	
 8.7250e+01	
 8.7250e+01	
 8.7000e+01	
 8.7250e+01	
 8.7500e+01	
 8.8000e+01	
 8.8250e+01	
 8.8000e+01	
 8.8000e+01	
 8.7000e+01	
 8.8250e+01	
 8.7500e+01	
 8.7500e+01	
 8.8000e+01	
 8.7500e+01	
 8.7500e+01	
 8.7500e+01	
 8.7750e+01	
 8.7750e+01	
 8.8000e+01	
 8.7500e+01	
 8.7750e+01	
 8.8250e+01	
 8.8500e+01	
 8.8000e+01	
 8.8500e+01	
 8.8000e+01	
 8.8250e+01	
 8.8750e+01	
 8.8500e+01	
 8.8250e+01	
 8.8000e+01	
 8.8000e+01	
 8.8000e+01	
 8.8750e+01	
 8.8250e+01	
 8.8000e+01	
 8.8250e+01	
 8.8500e+01	
 8.9000e+01	
 8.8750e+01	
 8.8000e+01	
 8.8750e+01	
 8.8250e+01	
 8.8000e+01	
 8.8750e+01	
 8.9000e+01	
 8.8500e+01	
 8.8250e+01	
 8.8250e+01	
 8.8500e+01	
 8.8750e+01	
 8.8250e+01	
 8.8500e+01	
 8.9000e+01	
 8.8250e+01	
 8.9000e+01	
 8.9000e+01	
 8.8250e+01	
 8.9000e+01	
 8.9000e+01	
 8.8750e+01	
 8.8750e+01	
 8.8750e+01	
 8.9500e+01	
 8.9250e+01	
 8.8500e+01	
 8.9750e+01	
 8.9000e+01	
 8.8500e+01	
 8.9000e+01	
 8.9250e+01	
 8.8750e+01	
 8.8750e+01	
 8.9250e+01	
 8.8500e+01	
 8.9500e+01	
 8.9500e+01	
 8.9000e+01	
 8.9250e+01	
 8.8750e+01	
 8.8500e+01	
 8.9250e+01	
 8.9500e+01	
 8.9750e+01	
 8.9000e+01	
 8.9250e+01	
 8.9750e+01	
 8.9750e+01	
 8.9250e+01	
 8.9500e+01	
 8.9500e+01	
 8.9750e+01	
 8.9250e+01	
 8.9000e+01	
 9.0500e+01	
 8.9500e+01	
 8.9000e+01	
 8.9750e+01	
 9.0000e+01	
 8.9750e+01	
 8.9500e+01	
 8.9250e+01	
 8.9750e+01	
 9.0250e+01	
 9.0000e+01	
 8.9500e+01	
 9.0000e+01	
 9.0000e+01	
 8.9750e+01	
 8.9750e+01	
 9.0250e+01	
 9.0250e+01	
 9.0250e+01	
 9.0250e+01	
 9.0250e+01	
 9.1000e+01	
 9.0250e+01	
 8.9500e+01	
 9.0750e+01	
 9.0500e+01	
 8.9500e+01	
 9.0500e+01	
 9.0500e+01	
 9.0250e+01	
 9.0750e+01	
 9.1000e+01	
 9.0500e+01	
 9.1000e+01	
 9.0500e+01	
 9.0750e+01	
 9.1000e+01	
 9.1500e+01	
 9.0500e+01	
 9.0750e+01	
 9.0750e+01	
 9.0750e+01	
 9.0750e+01	
 9.1250e+01	
 9.0750e+01	
 9.0750e+01	
 9.0750e+01	
 9.1250e+01	
 9.1000e+01	
 9.1500e+01	
 9.1000e+01	
 9.1500e+01	
 9.1250e+01	
 9.1750e+01	
 9.1750e+01	
 9.1750e+01	
 9.1000e+01	
 9.0750e+01	
 9.1500e+01	
 9.1500e+01	
 9.2750e+01	
 9.1500e+01	
 9.1500e+01	
 9.2250e+01	
 9.2000e+01	
 9.2750e+01	
 9.2250e+01	
 9.2250e+01	
 9.1750e+01	
 9.1000e+01	
 9.2250e+01	
 9.2750e+01	
 9.2250e+01	
 9.2750e+01	
 9.2500e+01	
 9.2500e+01	
 9.2500e+01	
 9.2000e+01	
 9.2750e+01	
 9.2500e+01	
 9.3000e+01	
 9.2500e+01	
 9.3000e+01	
 9.2750e+01	
 9.2000e+01	
 9.3000e+01	
 9.2500e+01	
 9.3000e+01	
 9.2500e+01	
 9.3250e+01	
 9.3000e+01	
 9.2750e+01	
 9.3500e+01	
 9.3000e+01	
 9.3500e+01	
 9.2750e+01	
 9.3250e+01	
 9.3250e+01	
 9.3500e+01	
 9.2750e+01	
 9.3000e+01	
 9.3250e+01	
 9.3250e+01	
 9.3500e+01	
 9.2000e+01	
 9.4000e+01	
 9.3500e+01	
 9.3250e+01	
 9.3250e+01	
 9.2750e+01	
 9.3750e+01	
 9.3500e+01	
 9.3750e+01	
 9.3500e+01	
 9.3000e+01	
 9.3750e+01	
 9.3250e+01	
 9.3750e+01	
 9.3750e+01	
 9.3750e+01	
 9.3250e+01	
 9.4000e+01	
 9.3250e+01	
 9.3750e+01	
 9.3250e+01	
 9.3500e+01	
 9.3750e+01	
 9.3750e+01	
 9.3750e+01	
 9.3500e+01	
 9.4250e+01	
 9.3750e+01	
 9.3500e+01	
 9.3500e+01	
 9.3750e+01	
 9.3750e+01	
 9.4000e+01	
 9.3500e+01	
 9.3750e+01	
 9.3750e+01	
 9.3750e+01	
 9.3750e+01	
 9.4000e+01	
 9.3500e+01	
 9.4000e+01	
 9.3500e+01	
 9.3750e+01	
 9.3750e+01	
 9.4000e+01	
 9.4250e+01	
 9.3750e+01	
 9.3500e+01	
 9.4000e+01	
 9.3750e+01	
 9.3750e+01	
 9.4250e+01	
 9.4250e+01	
 9.3750e+01	
 9.3750e+01	
 9.4000e+01	
 9.4000e+01	
 9.3750e+01	
 9.4000e+01	
 9.4000e+01	
 9.4000e+01	
 9.4000e+01	
 9.4000e+01	
 9.4250e+01	
 9.4000e+01	
 9.4250e+01	
 9.4000e+01	
 9.4000e+01	
 9.4250e+01	
 9.4000e+01	
 9.4000e+01	
 9.4250e+01	
 9.4250e+01	
 9.4000e+01	
 9.4000e+01	
 9.4250e+01	
 9.4000e+01	
 9.4000e+01	
 9.3750e+01	
 9.4000e+01	
 9.4750e+01	
 9.4000e+01	
 9.4000e+01	
 9.4250e+01	
 9.4000e+01	
 9.4000e+01	
 9.4000e+01	
 9.4250e+01	
 9.4250e+01	
 9.4250e+01	
 9.4000e+01	
 9.4000e+01	
 9.4000e+01	
 9.4750e+01	
 9.4250e+01	
 9.4750e+01	
 9.4000e+01	
 9.4000e+01	
 9.4500e+01	
 9.4250e+01	
 9.4000e+01	
 9.4000e+01	
 9.4250e+01	
 9.4000e+01	
 9.4000e+01	
 9.4000e+01	
 9.4000e+01	
 9.4250e+01	
 9.4000e+01	
 9.4500e+01	
 9.4500e+01	
 9.4250e+01	
 9.4000e+01	
 9.4500e+01	
 9.4500e+01	
 9.4000e+01	
 9.4500e+01	
 9.4250e+01	
 9.4250e+01	
 9.4250e+01	
 9.4250e+01	
 9.4000e+01	
 9.4250e+01	
 9.4250e+01	
 9.4500e+01	
 9.4250e+01	
 9.4750e+01	
 9.4250e+01	
 9.4750e+01	
 9.4250e+01	
 9.4750e+01	
 9.4250e+01	
 9.4500e+01	
 9.4500e+01	
 9.4500e+01	
 9.4250e+01	
 9.4250e+01	
 9.4750e+01	
 9.4000e+01	
 9.4750e+01	
 9.4750e+01	
 9.4250e+01	
 9.4250e+01	
 9.5000e+01	
 9.4250e+01	
 9.4500e+01	
 9.4500e+01	
 9.4500e+01	
 9.4750e+01	
 9.4250e+01	
 9.4500e+01	
 9.4750e+01	
 9.4500e+01	
 9.4250e+01	
 9.5000e+01	
 9.4500e+01	
 9.4500e+01	
 9.5000e+01	
 9.4750e+01	
 9.4500e+01	
 9.5000e+01	
 9.5000e+01	
 9.5000e+01	
 9.5000e+01	
 9.4750e+01	
 9.5000e+01	
 9.4250e+01	
 9.5250e+01	
 9.5250e+01	
 9.5000e+01	
 9.4750e+01	
 9.4750e+01	
 9.5000e+01	
 9.5250e+01	
 9.5000e+01	
 9.5250e+01	
 9.5000e+01	
 9.5500e+01	
 9.5250e+01	
 9.5500e+01	
 9.4750e+01	
 9.5500e+01	
 9.5750e+01	
 9.4500e+01	
 9.5000e+01	
 9.5000e+01	
 9.5250e+01	
 9.5250e+01	
 9.5250e+01	
 9.5500e+01	
 9.5500e+01	
 9.5250e+01	
 9.5250e+01	
 9.5500e+01	
 9.5750e+01	
 9.5500e+01	
 9.5250e+01	
 9.5250e+01	
 9.5500e+01	
 9.5750e+01	
 9.5500e+01	
 9.5750e+01	
 9.5500e+01	
 9.5250e+01	
 9.5250e+01	
 9.5250e+01	
 9.5500e+01	
 9.5250e+01	
 9.5250e+01	
 9.5750e+01	
 9.5500e+01	
 9.5500e+01	
 9.5500e+01	
 9.5500e+01	
 9.5500e+01	
 9.5250e+01	
 9.5500e+01	
 9.5500e+01	
 9.6000e+01	
 9.5500e+01	
 9.6000e+01	
 9.5500e+01	
 9.5750e+01	
 9.5500e+01	
 9.5500e+01	
 9.5500e+01	
 9.5500e+01	
 9.5750e+01	
 9.5750e+01	
 9.5750e+01	
 9.5750e+01	
 9.5750e+01	
 9.5750e+01	
 9.6000e+01	
 9.5750e+01	
 9.6000e+01	
 9.5750e+01	
 9.6000e+01	
 9.5750e+01	
 9.6000e+01	
 9.6000e+01	
 9.6250e+01	
 9.6000e+01	
 9.5750e+01	
 9.6000e+01	
 9.6750e+01	
 9.6000e+01	
 9.6000e+01	
 9.6000e+01	
 9.6000e+01	
 9.5750e+01	
 9.6750e+01	
 9.6250e+01	
 9.6250e+01	
 9.6000e+01	
 9.6000e+01	
 9.6250e+01	
 9.6000e+01	
 9.6250e+01	
 9.6000e+01	
 9.6000e+01	
 9.6500e+01	
 9.6000e+01	
 9.6000e+01	
 9.6000e+01	
 9.6500e+01	
 9.6250e+01	
 9.6500e+01	
 9.6000e+01	
 9.6500e+01	
 9.6500e+01	
 9.6750e+01	
 9.6250e+01	
 9.6250e+01	
 9.6250e+01	
 9.6000e+01	
 9.6500e+01	
 9.6500e+01	
 9.6250e+01	
 9.6250e+01	
 9.6000e+01	
 9.6500e+01	
 9.6250e+01	
 9.6250e+01	
 9.6500e+01	
 9.6250e+01	
 9.6500e+01	
 9.6250e+01	
 9.6500e+01	
 9.6250e+01	
 9.6750e+01	
 9.6000e+01	
 9.6250e+01	
 9.6250e+01	
 9.6750e+01	
 9.6250e+01	
 9.6500e+01	
 9.6250e+01	
 9.6500e+01	
 9.6750e+01	
 9.6750e+01	
 9.6500e+01	
 9.6500e+01	
 9.6250e+01	
 9.6750e+01	
 9.6500e+01	
 9.7000e+01	
 9.6250e+01	
 9.7000e+01	
 9.7000e+01	
 9.6250e+01	
 9.6750e+01	
 9.6750e+01	
 9.6250e+01	
 9.6750e+01	
 9.6500e+01	
 9.6750e+01	
 9.7000e+01	
 9.6750e+01	
 9.7250e+01	
 9.6750e+01	
 9.7250e+01	
 9.7000e+01	
 9.7250e+01	
 9.7250e+01	
 9.7250e+01	
 9.6750e+01	
 9.6750e+01	
 9.7000e+01	
 9.7250e+01	
 9.6750e+01	
 9.7000e+01	
 9.6750e+01	
 9.7750e+01	
 9.7000e+01	
 9.7500e+01	
 9.7250e+01	
 9.7500e+01	
 9.7250e+01	
 9.7500e+01	
 9.7250e+01	
 9.7250e+01	
 9.7250e+01	
 9.7000e+01	
 9.7500e+01	
 9.7250e+01	
 9.7250e+01	
 9.7500e+01	
 9.7250e+01	
 9.7000e+01	
 9.7250e+01	
 9.7500e+01	
 9.7250e+01	
 9.7750e+01	
 9.7750e+01	
 9.7250e+01	
 9.7500e+01	
 9.7500e+01	
 9.7250e+01	
 9.7750e+01	
 9.7500e+01	
 9.7500e+01	
 9.7750e+01	
 9.7500e+01	
 9.7250e+01	
 9.7500e+01	
 9.8000e+01	
 9.7750e+01	
 9.7500e+01	
 9.7750e+01	
 9.8000e+01	
 9.7750e+01	
 9.7750e+01	
 9.7500e+01	
 9.7750e+01	
 9.7750e+01	
 9.7500e+01	
 9.7750e+01	
 9.8000e+01	
 9.8000e+01	
 9.7750e+01	
 9.7750e+01	
 9.7750e+01	
 9.8000e+01	
 9.7500e+01	
 9.7750e+01	
 9.7750e+01	
 9.7750e+01	
 9.7750e+01	
 9.7750e+01	
 9.7500e+01	
 9.8250e+01	
 9.7750e+01	
 9.8000e+01	
 9.7750e+01	
 9.7750e+01	
 9.8000e+01	
 9.7750e+01	
 9.8250e+01	
 9.7500e+01	
 9.8000e+01	
 9.7750e+01	
 9.7750e+01	
 9.7750e+01	
 9.8000e+01	
 9.8000e+01	
 9.7750e+01	
 9.8000e+01	
 9.7750e+01	
 9.8000e+01	
 9.7750e+01	
 9.8000e+01	
 9.7750e+01	
 9.7750e+01	
 9.8500e+01	
 9.8000e+01	
 9.8000e+01	
 9.8000e+01	
 9.8000e+01	
 9.8000e+01	
 9.8000e+01	
 9.8250e+01	
 9.7750e+01	
 9.7750e+01	
 9.8000e+01	
 9.7750e+01	
 9.8000e+01	
 9.8000e+01	
 9.8000e+01	
 9.8000e+01	
 9.8000e+01	
 9.8000e+01	
 9.7750e+01	
 9.8000e+01	
 9.8000e+01	
 9.8000e+01	
 9.8250e+01	
 9.8000e+01	
 9.7750e+01	
 9.8000e+01	
 9.8000e+01	
 9.8000e+01	
 9.8250e+01	
 9.7750e+01	
 9.8000e+01	
 9.8000e+01	
 9.8000e+01	
 9.8250e+01	
 9.8000e+01	
 9.8000e+01	
 9.8000e+01	
 9.8000e+01	
 9.8250e+01	
 9.8000e+01	
 9.8000e+01	
 9.8000e+01	
 9.8250e+01	
 9.8000e+01	
 9.8000e+01	
 9.8000e+01	
 9.8000e+01	
 9.8000e+01	
 9.8000e+01	
 9.8000e+01	
 9.8250e+01	
 9.8000e+01	
 9.8000e+01	
 9.8000e+01	
 9.8000e+01	
 9.8000e+01	
 9.8000e+01	
 9.8250e+01	
 9.8000e+01	
 9.8000e+01	
 9.8000e+01	
 9.8250e+01	
 9.8000e+01	
 9.8000e+01	
 9.8000e+01	
 9.8000e+01	
 9.8000e+01	
 9.8000e+01	
 9.8000e+01	
 9.8000e+01	
 9.8000e+01	
 9.8000e+01	
 9.8000e+01	
 9.8000e+01	
 9.8250e+01	
 9.8250e+01	
 9.8250e+01	
 9.8250e+01	
 9.8500e+01	
 9.8500e+01	
 9.8250e+01	
 9.8250e+01	
 9.8000e+01	
 9.8000e+01	
 9.8500e+01	
 9.8750e+01	
 9.8250e+01	
 9.8500e+01	
 9.8500e+01	
 9.8750e+01	
 9.8500e+01	
 9.8500e+01	
 9.8250e+01	
 9.8500e+01	
 9.8500e+01	
 9.8750e+01	
 9.8750e+01	
 9.8500e+01	
 9.8750e+01	
 9.8500e+01	
 9.8500e+01	
 9.8500e+01	
 9.8750e+01	
 9.8500e+01	
 9.8500e+01	
 9.8500e+01	
 9.8500e+01	
 9.8750e+01	
 9.8500e+01	
 9.8750e+01	
 9.8500e+01	
 9.8500e+01	
 9.8500e+01	
 9.8500e+01	
 9.8750e+01	
 9.8500e+01	
 9.8500e+01	
 9.8500e+01	
 9.8750e+01	
 9.8500e+01	
 9.8750e+01	
 9.8750e+01	
 9.9000e+01	
 9.8750e+01	
 9.8750e+01	
 9.8750e+01	
 9.8750e+01	
 9.8750e+01	
 9.8500e+01	
 9.8500e+01	
 9.8750e+01	
 9.8750e+01	
 9.8750e+01	
 9.8750e+01	
 9.8500e+01	
 9.8750e+01	
 9.8750e+01	
 9.8750e+01	
 9.8750e+01	
 9.8750e+01	
 9.8750e+01	
 9.8750e+01	
 9.8750e+01	
 9.8750e+01	
 9.9000e+01	
 9.8750e+01	
 9.8750e+01	
 9.8750e+01	
 9.8750e+01	
 9.8750e+01	
 9.8750e+01	
 9.8750e+01	
 9.8750e+01	
 9.8750e+01	
 9.8750e+01	
 9.9000e+01	
 9.8750e+01	
 9.8750e+01	
 9.9000e+01	
 9.8750e+01	
 9.8750e+01	
 9.8750e+01	
 9.8750e+01	
 9.9000e+01	
 9.8750e+01	
 9.8750e+01	
 9.9000e+01	
 9.8750e+01	
 9.8750e+01	
 9.9250e+01	
 9.8500e+01	
 9.9000e+01	
 9.9000e+01	
 9.9000e+01	
 9.9000e+01	
 9.8750e+01	
 9.9000e+01	
 9.9000e+01	
 9.9000e+01	
 9.8750e+01	
 9.9000e+01	
 9.9000e+01	
 9.9000e+01	
 9.9000e+01	
 9.9000e+01	
 9.9000e+01	
 9.9000e+01	
 9.9000e+01	
 9.9000e+01	
 9.9000e+01	
 9.9000e+01	
 9.9000e+01	
 9.9250e+01	
 9.9000e+01	
 9.9000e+01	
 9.9000e+01	
 9.9000e+01	
 9.9000e+01	
 9.9000e+01	
 9.9000e+01	
 9.9000e+01	
 9.9250e+01	
 9.9000e+01	
 9.9000e+01	
 9.9000e+01	
 9.9250e+01	
 9.9000e+01	
 9.9250e+01	
 9.9250e+01	
 9.9250e+01	
 9.9000e+01	
 9.9000e+01	
 9.9250e+01	
 9.9000e+01	
 9.9250e+01	
 9.9000e+01	
